<?xml version="1.0" encoding="UTF-8"?>
<!-- Generated by org.testng.reporters.JUnitReportReporter -->
<testsuite hostname="Subharak" failures="0" tests="1" name="com.practice.selenium.test.LoginTest" time="0.015" errors="0" timestamp="2023-04-01T15:53:54 IST" skipped="0">
  <testcase classname="com.practice.selenium.test.LoginTest" name="test1" time="0.015"/>
  <system-out/>
</testsuite> <!-- com.practice.selenium.test.LoginTest -->
